<?xml version="1.0" encoding="UTF-8"?>
<testng-results ignored="0" total="7" passed="7" failed="0" skipped="0">
  <reporter-output>
  </reporter-output>
  <suite started-at="2022-10-17T02:51:30Z" name="Suite" finished-at="2022-10-17T02:52:14Z" duration-ms="44183">
    <groups>
      <group name="cucumber">
        <method signature="AbstractTestNGCucumberTests.runScenario(io.cucumber.testng.PickleWrapper, io.cucumber.testng.FeatureWrapper)[pri:0, instance:TestRunner@10959ece]" name="runScenario" class="io.cucumber.testng.AbstractTestNGCucumberTests"/>
      </group> <!-- cucumber -->
    </groups>
    <test started-at="2022-10-17T02:51:30Z" name="Test" finished-at="2022-10-17T02:52:14Z" duration-ms="44183">
      <class name="TestRunner">
        <test-method is-config="true" signature="beforeSuite()[pri:0, instance:TestRunner@10959ece]" started-at="2022-10-17T02:51:30Z" name="beforeSuite" finished-at="2022-10-17T02:51:30Z" duration-ms="204" status="PASS">
          <reporter-output>
          </reporter-output>
        </test-method> <!-- beforeSuite -->
        <test-method is-config="true" signature="setUpClass(org.testng.ITestContext)[pri:0, instance:TestRunner@10959ece]" started-at="2022-10-17T02:51:30Z" name="setUpClass" finished-at="2022-10-17T02:51:31Z" duration-ms="570" status="PASS">
          <params>
            <param index="0">
              <value>
                <![CDATA[org.testng.TestRunner@5403431a]]>
              </value>
            </param>
          </params>
          <reporter-output>
          </reporter-output>
        </test-method> <!-- setUpClass -->
        <test-method signature="runScenario(io.cucumber.testng.PickleWrapper, io.cucumber.testng.FeatureWrapper)[pri:0, instance:TestRunner@10959ece]" started-at="2022-10-17T02:51:31Z" name="runScenario" description="Runs Cucumber Scenarios" data-provider="scenarios" finished-at="2022-10-17T02:51:40Z" duration-ms="8774" status="PASS">
          <params>
            <param index="0">
              <value>
                <![CDATA["User need to search a valid item"]]>
              </value>
            </param>
            <param index="1">
              <value>
                <![CDATA["Search for an Item"]]>
              </value>
            </param>
          </params>
          <reporter-output>
          </reporter-output>
        </test-method> <!-- runScenario -->
        <test-method signature="runScenario(io.cucumber.testng.PickleWrapper, io.cucumber.testng.FeatureWrapper)[pri:0, instance:TestRunner@10959ece]" started-at="2022-10-17T02:51:40Z" name="runScenario" description="Runs Cucumber Scenarios" data-provider="scenarios" finished-at="2022-10-17T02:51:46Z" duration-ms="6681" status="PASS">
          <params>
            <param index="0">
              <value>
                <![CDATA["User need to search a valid item"]]>
              </value>
            </param>
            <param index="1">
              <value>
                <![CDATA["Search for an Item"]]>
              </value>
            </param>
          </params>
          <reporter-output>
          </reporter-output>
        </test-method> <!-- runScenario -->
        <test-method signature="runScenario(io.cucumber.testng.PickleWrapper, io.cucumber.testng.FeatureWrapper)[pri:0, instance:TestRunner@10959ece]" started-at="2022-10-17T02:51:46Z" name="runScenario" description="Runs Cucumber Scenarios" data-provider="scenarios" finished-at="2022-10-17T02:51:53Z" duration-ms="6530" status="PASS">
          <params>
            <param index="0">
              <value>
                <![CDATA["User need to search a valid item"]]>
              </value>
            </param>
            <param index="1">
              <value>
                <![CDATA["Search for an Item"]]>
              </value>
            </param>
          </params>
          <reporter-output>
          </reporter-output>
        </test-method> <!-- runScenario -->
        <test-method signature="runScenario(io.cucumber.testng.PickleWrapper, io.cucumber.testng.FeatureWrapper)[pri:0, instance:TestRunner@10959ece]" started-at="2022-10-17T02:51:53Z" name="runScenario" description="Runs Cucumber Scenarios" data-provider="scenarios" finished-at="2022-10-17T02:51:58Z" duration-ms="5107" status="PASS">
          <params>
            <param index="0">
              <value>
                <![CDATA["User need to search a valid item"]]>
              </value>
            </param>
            <param index="1">
              <value>
                <![CDATA["Search for an Item"]]>
              </value>
            </param>
          </params>
          <reporter-output>
          </reporter-output>
        </test-method> <!-- runScenario -->
        <test-method signature="runScenario(io.cucumber.testng.PickleWrapper, io.cucumber.testng.FeatureWrapper)[pri:0, instance:TestRunner@10959ece]" started-at="2022-10-17T02:51:58Z" name="runScenario" description="Runs Cucumber Scenarios" data-provider="scenarios" finished-at="2022-10-17T02:52:03Z" duration-ms="5102" status="PASS">
          <params>
            <param index="0">
              <value>
                <![CDATA["User need search an invalid item"]]>
              </value>
            </param>
            <param index="1">
              <value>
                <![CDATA["Search for an Invalid Item"]]>
              </value>
            </param>
          </params>
          <reporter-output>
          </reporter-output>
        </test-method> <!-- runScenario -->
        <test-method signature="runScenario(io.cucumber.testng.PickleWrapper, io.cucumber.testng.FeatureWrapper)[pri:0, instance:TestRunner@10959ece]" started-at="2022-10-17T02:52:03Z" name="runScenario" description="Runs Cucumber Scenarios" data-provider="scenarios" finished-at="2022-10-17T02:52:09Z" duration-ms="6271" status="PASS">
          <params>
            <param index="0">
              <value>
                <![CDATA["User need search an invalid item"]]>
              </value>
            </param>
            <param index="1">
              <value>
                <![CDATA["Search for an Invalid Item"]]>
              </value>
            </param>
          </params>
          <reporter-output>
          </reporter-output>
        </test-method> <!-- runScenario -->
        <test-method signature="runScenario(io.cucumber.testng.PickleWrapper, io.cucumber.testng.FeatureWrapper)[pri:0, instance:TestRunner@10959ece]" started-at="2022-10-17T02:52:09Z" name="runScenario" description="Runs Cucumber Scenarios" data-provider="scenarios" finished-at="2022-10-17T02:52:14Z" duration-ms="4962" status="PASS">
          <params>
            <param index="0">
              <value>
                <![CDATA["User wants to see the content of fish"]]>
              </value>
            </param>
            <param index="1">
              <value>
                <![CDATA["Validate the Content"]]>
              </value>
            </param>
          </params>
          <reporter-output>
          </reporter-output>
        </test-method> <!-- runScenario -->
        <test-method is-config="true" signature="tearDownClass()[pri:0, instance:TestRunner@10959ece]" started-at="2022-10-17T02:52:14Z" name="tearDownClass" finished-at="2022-10-17T02:52:14Z" duration-ms="165" status="PASS">
          <reporter-output>
          </reporter-output>
        </test-method> <!-- tearDownClass -->
        <test-method is-config="true" signature="afterSuite()[pri:0, instance:TestRunner@10959ece]" started-at="2022-10-17T02:52:14Z" name="afterSuite" finished-at="2022-10-17T02:52:15Z" duration-ms="49" status="PASS">
          <reporter-output>
          </reporter-output>
        </test-method> <!-- afterSuite -->
      </class> <!-- TestRunner -->
    </test> <!-- Test -->
  </suite> <!-- Suite -->
</testng-results>
