<?xml version="1.0" encoding="UTF-8"?>
<testng-results ignored="0" total="2" passed="2" failed="0" skipped="0">
  <reporter-output>
  </reporter-output>
  <suite started-at="2022-11-01T06:02:38Z" name="Default suite" finished-at="2022-11-01T06:02:51Z" duration-ms="12611">
    <groups>
      <group name="cucumber">
        <method signature="AbstractTestNGCucumberTests.runScenario(io.cucumber.testng.PickleWrapper, io.cucumber.testng.FeatureWrapper)[pri:0, instance:TestRunner@10cf09e8]" name="runScenario" class="io.cucumber.testng.AbstractTestNGCucumberTests"/>
      </group> <!-- cucumber -->
    </groups>
    <test started-at="2022-11-01T06:02:38Z" name="Default test" finished-at="2022-11-01T06:02:51Z" duration-ms="12611">
      <class name="TestRunner">
        <test-method is-config="true" signature="beforeSuite()[pri:0, instance:TestRunner@10cf09e8]" started-at="2022-11-01T06:02:38Z" name="beforeSuite" finished-at="2022-11-01T06:02:38Z" duration-ms="150" status="PASS">
          <reporter-output>
          </reporter-output>
        </test-method> <!-- beforeSuite -->
        <test-method is-config="true" signature="setUpClass(org.testng.ITestContext)[pri:0, instance:TestRunner@10cf09e8]" started-at="2022-11-01T06:02:38Z" name="setUpClass" finished-at="2022-11-01T06:02:38Z" duration-ms="389" status="PASS">
          <params>
            <param index="0">
              <value>
                <![CDATA[org.testng.TestRunner@788e3702]]>
              </value>
            </param>
          </params>
          <reporter-output>
          </reporter-output>
        </test-method> <!-- setUpClass -->
        <test-method signature="runScenario(io.cucumber.testng.PickleWrapper, io.cucumber.testng.FeatureWrapper)[pri:0, instance:TestRunner@10cf09e8]" started-at="2022-11-01T06:02:38Z" name="runScenario" description="Runs Cucumber Scenarios" data-provider="scenarios" finished-at="2022-11-01T06:02:47Z" duration-ms="8900" status="PASS">
          <params>
            <param index="0">
              <value>
                <![CDATA["User need search an invalid item"]]>
              </value>
            </param>
            <param index="1">
              <value>
                <![CDATA["Search for an Invalid Item"]]>
              </value>
            </param>
          </params>
          <reporter-output>
          </reporter-output>
        </test-method> <!-- runScenario -->
        <test-method signature="runScenario(io.cucumber.testng.PickleWrapper, io.cucumber.testng.FeatureWrapper)[pri:0, instance:TestRunner@10cf09e8]" started-at="2022-11-01T06:02:47Z" name="runScenario" description="Runs Cucumber Scenarios" data-provider="scenarios" finished-at="2022-11-01T06:02:51Z" duration-ms="3224" status="PASS">
          <params>
            <param index="0">
              <value>
                <![CDATA["User need search an invalid item"]]>
              </value>
            </param>
            <param index="1">
              <value>
                <![CDATA["Search for an Invalid Item"]]>
              </value>
            </param>
          </params>
          <reporter-output>
          </reporter-output>
        </test-method> <!-- runScenario -->
        <test-method is-config="true" signature="tearDownClass()[pri:0, instance:TestRunner@10cf09e8]" started-at="2022-11-01T06:02:51Z" name="tearDownClass" finished-at="2022-11-01T06:02:51Z" duration-ms="82" status="PASS">
          <reporter-output>
          </reporter-output>
        </test-method> <!-- tearDownClass -->
        <test-method is-config="true" signature="afterSuite()[pri:0, instance:TestRunner@10cf09e8]" started-at="2022-11-01T06:02:51Z" name="afterSuite" finished-at="2022-11-01T06:02:51Z" duration-ms="19" status="PASS">
          <reporter-output>
          </reporter-output>
        </test-method> <!-- afterSuite -->
      </class> <!-- TestRunner -->
    </test> <!-- Default test -->
  </suite> <!-- Default suite -->
</testng-results>
